2022-02-03 20:59:29.634  INFO 10984 --- [restartedMain] c.order.service.OrderServiceApplication  : Starting OrderServiceApplication using Java 1.8.0_291 on HTPL-86 with PID 10984 (D:\Spring-Boot\order-service\target\classes started by faizan in D:\Spring-Boot\order-service)
2022-02-03 20:59:29.635  INFO 10984 --- [restartedMain] c.order.service.OrderServiceApplication  : No active profile set, falling back to default profiles: default
2022-02-03 20:59:29.964  INFO 10984 --- [restartedMain] .s.d.r.c.RepositoryConfigurationDelegate : Bootstrapping Spring Data JPA repositories in DEFAULT mode.
2022-02-03 20:59:29.986  INFO 10984 --- [restartedMain] .s.d.r.c.RepositoryConfigurationDelegate : Finished Spring Data repository scanning in 21 ms. Found 1 JPA repository interfaces.
2022-02-03 20:59:30.054  INFO 10984 --- [restartedMain] o.s.cloud.context.scope.GenericScope     : BeanFactory id=30236596-aefa-300a-a16c-72fe6d729ddf
2022-02-03 20:59:30.460  INFO 10984 --- [restartedMain] o.s.b.w.embedded.tomcat.TomcatWebServer  : Tomcat initialized with port(s): 9191 (http)
2022-02-03 20:59:30.462  INFO 10984 --- [restartedMain] o.apache.catalina.core.StandardService   : Starting service [Tomcat]
2022-02-03 20:59:30.462  INFO 10984 --- [restartedMain] org.apache.catalina.core.StandardEngine  : Starting Servlet engine: [Apache Tomcat/9.0.56]
2022-02-03 20:59:30.521  INFO 10984 --- [restartedMain] o.a.c.c.C.[Tomcat].[localhost].[/]       : Initializing Spring embedded WebApplicationContext
2022-02-03 20:59:30.522  INFO 10984 --- [restartedMain] w.s.c.ServletWebServerApplicationContext : Root WebApplicationContext: initialization completed in 885 ms
2022-02-03 20:59:30.530  INFO 10984 --- [restartedMain] com.zaxxer.hikari.HikariDataSource       : HikariPool-10 - Starting...
2022-02-03 20:59:30.532  INFO 10984 --- [restartedMain] com.zaxxer.hikari.HikariDataSource       : HikariPool-10 - Start completed.
2022-02-03 20:59:30.533  INFO 10984 --- [restartedMain] o.s.b.a.h2.H2ConsoleAutoConfiguration    : H2 console available at '/h2-console'. Database available at 'jdbc:h2:mem:testdb'
2022-02-03 20:59:30.554  INFO 10984 --- [restartedMain] o.hibernate.jpa.internal.util.LogHelper  : HHH000204: Processing PersistenceUnitInfo [name: default]
2022-02-03 20:59:30.561  INFO 10984 --- [restartedMain] org.hibernate.dialect.Dialect            : HHH000400: Using dialect: org.hibernate.dialect.H2Dialect
2022-02-03 20:59:30.585  INFO 10984 --- [restartedMain] o.h.e.t.j.p.i.JtaPlatformInitiator       : HHH000490: Using JtaPlatform implementation: [org.hibernate.engine.transaction.jta.platform.internal.NoJtaPlatform]
2022-02-03 20:59:30.587  INFO 10984 --- [restartedMain] j.LocalContainerEntityManagerFactoryBean : Initialized JPA EntityManagerFactory for persistence unit 'default'
2022-02-03 20:59:30.646  WARN 10984 --- [restartedMain] JpaBaseConfiguration$JpaWebConfiguration : spring.jpa.open-in-view is enabled by default. Therefore, database queries may be performed during view rendering. Explicitly configure spring.jpa.open-in-view to disable this warning
2022-02-03 20:59:30.723  WARN 10984 --- [restartedMain] o.s.b.d.a.OptionalLiveReloadServer       : Unable to start LiveReload server
2022-02-03 20:59:30.895  INFO 10984 --- [restartedMain] DiscoveryClientOptionalArgsConfiguration : Eureka HTTP Client uses RestTemplate.
2022-02-03 20:59:31.057  WARN 10984 --- [restartedMain] iguration$LoadBalancerCaffeineWarnLogger : Spring Cloud LoadBalancer is currently working with the default cache. You can switch to using Caffeine cache, by adding it and org.springframework.cache.caffeine.CaffeineCacheManager to the classpath.
2022-02-03 20:59:31.063  INFO 10984 --- [restartedMain] o.s.c.n.eureka.InstanceInfoFactory       : Setting initial instance status as: STARTING
2022-02-03 20:59:31.065  INFO 10984 --- [restartedMain] com.netflix.discovery.DiscoveryClient    : Initializing Eureka in region us-east-1
2022-02-03 20:59:31.065  INFO 10984 --- [restartedMain] c.n.d.s.r.aws.ConfigClusterResolver      : Resolving eureka endpoints via configuration
2022-02-03 20:59:31.068  INFO 10984 --- [restartedMain] com.netflix.discovery.DiscoveryClient    : Disable delta property : false
2022-02-03 20:59:31.068  INFO 10984 --- [restartedMain] com.netflix.discovery.DiscoveryClient    : Single vip registry refresh property : null
2022-02-03 20:59:31.069  INFO 10984 --- [restartedMain] com.netflix.discovery.DiscoveryClient    : Force full registry fetch : false
2022-02-03 20:59:31.069  INFO 10984 --- [restartedMain] com.netflix.discovery.DiscoveryClient    : Application is null : false
2022-02-03 20:59:31.069  INFO 10984 --- [restartedMain] com.netflix.discovery.DiscoveryClient    : Registered Applications size is zero : true
2022-02-03 20:59:31.069  INFO 10984 --- [restartedMain] com.netflix.discovery.DiscoveryClient    : Application version is -1: true
2022-02-03 20:59:31.069  INFO 10984 --- [restartedMain] com.netflix.discovery.DiscoveryClient    : Getting all instance registry info from the eureka server
2022-02-03 20:59:31.103  INFO 10984 --- [restartedMain] com.netflix.discovery.DiscoveryClient    : The response status is 200
2022-02-03 20:59:31.105  INFO 10984 --- [restartedMain] com.netflix.discovery.DiscoveryClient    : Starting heartbeat executor: renew interval is: 30
2022-02-03 20:59:31.105  INFO 10984 --- [restartedMain] c.n.discovery.InstanceInfoReplicator     : InstanceInfoReplicator onDemand update allowed rate per min is 4
2022-02-03 20:59:31.106  INFO 10984 --- [restartedMain] com.netflix.discovery.DiscoveryClient    : Discovery Client initialized at timestamp 1643902171106 with initial instances count: 2
2022-02-03 20:59:31.107  INFO 10984 --- [restartedMain] o.s.c.n.e.s.EurekaServiceRegistry        : Registering application ORDER-SERVICE with eureka with status UP
2022-02-03 20:59:31.107  INFO 10984 --- [restartedMain] com.netflix.discovery.DiscoveryClient    : Saw local status change event StatusChangeEvent [timestamp=1643902171107, current=UP, previous=STARTING]
2022-02-03 20:59:31.107  INFO 10984 --- [DiscoveryClient-InstanceInfoReplicator-0] com.netflix.discovery.DiscoveryClient    : DiscoveryClient_ORDER-SERVICE/HTPL-86:ORDER-SERVICE:9191: registering service...
2022-02-03 20:59:31.110  INFO 10984 --- [restartedMain] o.s.b.w.embedded.tomcat.TomcatWebServer  : Tomcat started on port(s): 9191 (http) with context path ''
2022-02-03 20:59:31.110  INFO 10984 --- [restartedMain] .s.c.n.e.s.EurekaAutoServiceRegistration : Updating port to 9191
2022-02-03 20:59:31.145  INFO 10984 --- [DiscoveryClient-InstanceInfoReplicator-0] com.netflix.discovery.DiscoveryClient    : DiscoveryClient_ORDER-SERVICE/HTPL-86:ORDER-SERVICE:9191 - registration status: 204
2022-02-03 20:59:31.316  INFO 10984 --- [restartedMain] c.order.service.OrderServiceApplication  : Started OrderServiceApplication in 1.951 seconds (JVM running for 1637.82)
2022-02-03 20:59:31.317  INFO 10984 --- [restartedMain] .ConditionEvaluationDeltaLoggingListener : Condition evaluation unchanged
2022-02-03 20:59:36.430  INFO 10984 --- [http-nio-9191-exec-1] o.a.c.c.C.[Tomcat].[localhost].[/]       : Initializing Spring DispatcherServlet 'dispatcherServlet'
2022-02-03 20:59:36.431  INFO 10984 --- [http-nio-9191-exec-1] o.s.web.servlet.DispatcherServlet        : Initializing Servlet 'dispatcherServlet'
2022-02-03 20:59:36.432  INFO 10984 --- [http-nio-9191-exec-1] o.s.web.servlet.DispatcherServlet        : Completed initialization in 1 ms
2022-02-03 20:59:36.439  INFO 10984 --- [http-nio-9191-exec-1] c.o.s.orderService.OrderServiceImpl      : Book Order request(Order Service) :OrderRequestDTO(id=null, name=new Book, qty=2, price=100.0)
2022-02-03 20:59:36.514  INFO 10984 --- [http-nio-9191-exec-1] c.o.s.orderService.OrderServiceImpl      : Book Order Response(Order Service) :OrderResponseDTO(order=Order(id=1, name=new Book, qty=2, price=100.0), payment=PaymentDTO(paymentId=8, paymentStatus=success, transactionId=1328fd77-8006-450e-9b0d-3995d474565d, OrderId=1, amount=100.0))
2022-02-03 20:59:49.742  INFO 10984 --- [Thread-57] o.s.c.n.e.s.EurekaServiceRegistry        : Unregistering application ORDER-SERVICE with eureka with status DOWN
2022-02-03 20:59:49.742  INFO 10984 --- [Thread-57] com.netflix.discovery.DiscoveryClient    : Saw local status change event StatusChangeEvent [timestamp=1643902189742, current=DOWN, previous=UP]
2022-02-03 20:59:49.751  INFO 10984 --- [DiscoveryClient-InstanceInfoReplicator-0] com.netflix.discovery.DiscoveryClient    : DiscoveryClient_ORDER-SERVICE/HTPL-86:ORDER-SERVICE:9191: registering service...
2022-02-03 20:59:49.778  INFO 10984 --- [DiscoveryClient-InstanceInfoReplicator-0] com.netflix.discovery.DiscoveryClient    : DiscoveryClient_ORDER-SERVICE/HTPL-86:ORDER-SERVICE:9191 - registration status: 204
2022-02-03 20:59:49.838  INFO 10984 --- [Thread-57] j.LocalContainerEntityManagerFactoryBean : Closing JPA EntityManagerFactory for persistence unit 'default'
2022-02-03 20:59:49.838  INFO 10984 --- [Thread-57] .SchemaDropperImpl$DelayedDropActionImpl : HHH000477: Starting delayed evictData of schema as part of SessionFactory shut-down'
2022-02-03 20:59:50.046  WARN 10984 --- [Thread-57] o.s.b.f.support.DisposableBeanAdapter    : Invocation of destroy method failed on bean with name 'inMemoryDatabaseShutdownExecutor': org.h2.jdbc.JdbcSQLNonTransientConnectionException: Database is already closed (to disable automatic closing at VM shutdown, add ";DB_CLOSE_ON_EXIT=FALSE" to the db URL) [90121-200]
2022-02-03 20:59:50.046  INFO 10984 --- [Thread-57] com.zaxxer.hikari.HikariDataSource       : HikariPool-10 - Shutdown initiated...
2022-02-03 20:59:50.051  INFO 10984 --- [Thread-57] com.zaxxer.hikari.HikariDataSource       : HikariPool-10 - Shutdown completed.
2022-02-03 20:59:50.051  INFO 10984 --- [Thread-57] com.netflix.discovery.DiscoveryClient    : Shutting down DiscoveryClient ...
2022-02-03 20:59:53.053  INFO 10984 --- [Thread-57] com.netflix.discovery.DiscoveryClient    : Unregistering ...
2022-02-03 20:59:53.077  INFO 10984 --- [Thread-57] com.netflix.discovery.DiscoveryClient    : DiscoveryClient_ORDER-SERVICE/HTPL-86:ORDER-SERVICE:9191 - deregister  status: 200
2022-02-03 20:59:53.082  INFO 10984 --- [Thread-57] com.netflix.discovery.DiscoveryClient    : Completed shut down of DiscoveryClient
